<?xml version="1.0" encoding="UTF-8"?>
<testng-results ignored="0" total="2" passed="2" failed="0" skipped="0">
  <reporter-output>
  </reporter-output>
  <suite started-at="2023-07-08T14:18:08 IST" name="Default suite" finished-at="2023-07-08T14:18:17 IST" duration-ms="9288">
    <groups>
      <group name="cucumber">
        <method signature="AbstractTestNGCucumberTests.runScenario(io.cucumber.testng.PickleWrapper,io.cucumber.testng.FeatureWrapper)[pri:0, instance:cucumberOptions.TestRunner@4b520ea8]" name="runScenario" class="io.cucumber.testng.AbstractTestNGCucumberTests"/>
      </group> <!-- cucumber -->
    </groups>
    <test started-at="2023-07-08T14:18:08 IST" name="Default test" finished-at="2023-07-08T14:18:17 IST" duration-ms="9288">
      <class name="cucumberOptions.TestRunner">
        <test-method is-config="true" signature="setUpClass(org.testng.ITestContext)[pri:0, instance:cucumberOptions.TestRunner@4b520ea8]" started-at="2023-07-08T14:18:08 IST" name="setUpClass" finished-at="2023-07-08T14:18:08 IST" duration-ms="97" status="PASS">
          <params>
            <param index="0">
              <value>
                <![CDATA[org.testng.TestRunner@64e1377c]]>
              </value>
            </param>
          </params>
          <reporter-output>
          </reporter-output>
        </test-method> <!-- setUpClass -->
        <test-method signature="runScenario(io.cucumber.testng.PickleWrapper,io.cucumber.testng.FeatureWrapper)[pri:0, instance:cucumberOptions.TestRunner@4b520ea8]" started-at="2023-07-08T14:18:08 IST" name="runScenario" description="Runs Cucumber Scenarios" data-provider="scenarios" finished-at="2023-07-08T14:18:10 IST" duration-ms="2396" status="PASS">
          <params>
            <param index="0">
              <value>
                <![CDATA["Verify User able to add product in cart and proceed to checkout"]]>
              </value>
            </param>
            <param index="1">
              <value>
                <![CDATA["Place order for product"]]>
              </value>
            </param>
          </params>
          <reporter-output>
          </reporter-output>
        </test-method> <!-- runScenario -->
        <test-method signature="runScenario(io.cucumber.testng.PickleWrapper,io.cucumber.testng.FeatureWrapper)[pri:0, instance:cucumberOptions.TestRunner@4b520ea8]" started-at="2023-07-08T14:18:10 IST" name="runScenario" description="Runs Cucumber Scenarios" data-provider="scenarios" finished-at="2023-07-08T14:18:17 IST" duration-ms="6770" status="PASS">
          <params>
            <param index="0">
              <value>
                <![CDATA["Verify User able to add product in cart and proceed to checkout"]]>
              </value>
            </param>
            <param index="1">
              <value>
                <![CDATA["Place order for product"]]>
              </value>
            </param>
          </params>
          <reporter-output>
          </reporter-output>
        </test-method> <!-- runScenario -->
        <test-method is-config="true" signature="tearDownClass()[pri:0, instance:cucumberOptions.TestRunner@4b520ea8]" started-at="2023-07-08T14:18:17 IST" name="tearDownClass" finished-at="2023-07-08T14:18:17 IST" duration-ms="1" status="PASS">
          <reporter-output>
          </reporter-output>
        </test-method> <!-- tearDownClass -->
      </class> <!-- cucumberOptions.TestRunner -->
    </test> <!-- Default test -->
  </suite> <!-- Default suite -->
</testng-results>
